Determining if the include file pthread.h exists failed with the following output:
Change Dir: C:/Users/Administrator/Desktop/core/out/build/x64-Debug/CMakeFiles/CMakeTmp

Run Build Command(s):C:/Program Files (x86)/Microsoft Visual Studio/2019/Community/Common7/IDE/CommonExtensions/Microsoft/CMake/Ninja/ninja.exe cmTC_98e9f && [1/2] Building C object CMakeFiles\cmTC_98e9f.dir\CheckIncludeFile.c.obj
FAILED: CMakeFiles/cmTC_98e9f.dir/CheckIncludeFile.c.obj 
C:\PROGRA~2\MICROS~1\2019\COMMUN~1\VC\Tools\MSVC\1429~1.301\bin\Hostx64\x64\cl.exe  /nologo   /DWIN32 /D_WINDOWS /W3  /MDd /Zi /Ob0 /Od /RTC1 /showIncludes /FoCMakeFiles\cmTC_98e9f.dir\CheckIncludeFile.c.obj /FdCMakeFiles\cmTC_98e9f.dir\ /FS -c CheckIncludeFile.c
CheckIncludeFile.c(1): fatal error C1083: Cannot open include file: 'pthread.h': No such file or directory
ninja: build stopped: subcommand failed.



Checking whether the ASM_MASM compiler is GNU using "--version" did not match "(GNU assembler)|(GCC)|(Free Software Foundation)":
Microsoft (R) Macro Assembler (x64) Version 14.29.30151.0
Copyright (C) Microsoft Corporation.  All rights reserved.

MASM : warning A4018:invalid command-line option : --version
MASM : fatal error A1017:missing source filename
Checking whether the ASM_MASM compiler is Clang using "--version" did not match "(clang version)":
Microsoft (R) Macro Assembler (x64) Version 14.29.30151.0
Copyright (C) Microsoft Corporation.  All rights reserved.

MASM : warning A4018:invalid command-line option : --version
MASM : fatal error A1017:missing source filename
Checking whether the ASM_MASM compiler is AppleClang using "--version" did not match "(Apple LLVM version)":
Microsoft (R) Macro Assembler (x64) Version 14.29.30151.0
Copyright (C) Microsoft Corporation.  All rights reserved.

MASM : warning A4018:invalid command-line option : --version
MASM : fatal error A1017:missing source filename
Checking whether the ASM_MASM compiler is ARMClang using "--version" did not match "armclang":
Microsoft (R) Macro Assembler (x64) Version 14.29.30151.0
Copyright (C) Microsoft Corporation.  All rights reserved.

MASM : warning A4018:invalid command-line option : --version
MASM : fatal error A1017:missing source filename
Checking whether the ASM_MASM compiler is HP using "-V" did not match "HP C":
Microsoft (R) Macro Assembler (x64) Version 14.29.30151.0
Copyright (C) Microsoft Corporation.  All rights reserved.

MASM : warning A4018:invalid command-line option : -V
MASM : fatal error A1017:missing source filename
Checking whether the ASM_MASM compiler is Intel using "--version" did not match "(ICC)":
Microsoft (R) Macro Assembler (x64) Version 14.29.30151.0
Copyright (C) Microsoft Corporation.  All rights reserved.

MASM : warning A4018:invalid command-line option : --version
MASM : fatal error A1017:missing source filename
Checking whether the ASM_MASM compiler is IntelLLVM using "--version" did not match "(Intel[^
]+oneAPI)":
Microsoft (R) Macro Assembler (x64) Version 14.29.30151.0
Copyright (C) Microsoft Corporation.  All rights reserved.

MASM : warning A4018:invalid command-line option : --version
MASM : fatal error A1017:missing source filename
Checking whether the ASM_MASM compiler is SunPro using "-V" did not match "Sun C":
Microsoft (R) Macro Assembler (x64) Version 14.29.30151.0
Copyright (C) Microsoft Corporation.  All rights reserved.

MASM : warning A4018:invalid command-line option : -V
MASM : fatal error A1017:missing source filename
Checking whether the ASM_MASM compiler is XL using "-qversion" did not match "XL C":
Microsoft (R) Macro Assembler (x64) Version 14.29.30151.0
Copyright (C) Microsoft Corporation.  All rights reserved.

MASM : warning A4018:invalid command-line option : -qversion
MASM : fatal error A1017:missing source filename
Determining if the include file byteswap.h exists failed with the following output:
Change Dir: C:/Users/Administrator/Desktop/core/out/build/x64-Debug/CMakeFiles/CMakeTmp

Run Build Command(s):C:/Program Files (x86)/Microsoft Visual Studio/2019/Community/Common7/IDE/CommonExtensions/Microsoft/CMake/Ninja/ninja.exe cmTC_79ddb && [1/2] Building C object CMakeFiles\cmTC_79ddb.dir\CheckIncludeFile.c.obj
FAILED: CMakeFiles/cmTC_79ddb.dir/CheckIncludeFile.c.obj 
C:\PROGRA~2\MICROS~1\2019\COMMUN~1\VC\Tools\MSVC\1429~1.301\bin\Hostx64\x64\cl.exe  /nologo   /DWIN32 /D_WINDOWS /W3  /MTd /Zi /Ob0 /Od /RTC1 /showIncludes /FoCMakeFiles\cmTC_79ddb.dir\CheckIncludeFile.c.obj /FdCMakeFiles\cmTC_79ddb.dir\ /FS -c CheckIncludeFile.c
CheckIncludeFile.c(1): fatal error C1083: Cannot open include file: 'byteswap.h': No such file or directory
ninja: build stopped: subcommand failed.



Determining if the include file sys/endian.h exists failed with the following output:
Change Dir: C:/Users/Administrator/Desktop/core/out/build/x64-Debug/CMakeFiles/CMakeTmp

Run Build Command(s):C:/Program Files (x86)/Microsoft Visual Studio/2019/Community/Common7/IDE/CommonExtensions/Microsoft/CMake/Ninja/ninja.exe cmTC_78b23 && [1/2] Building C object CMakeFiles\cmTC_78b23.dir\CheckIncludeFile.c.obj
FAILED: CMakeFiles/cmTC_78b23.dir/CheckIncludeFile.c.obj 
C:\PROGRA~2\MICROS~1\2019\COMMUN~1\VC\Tools\MSVC\1429~1.301\bin\Hostx64\x64\cl.exe  /nologo   /DWIN32 /D_WINDOWS /W3  /MTd /Zi /Ob0 /Od /RTC1 /showIncludes /FoCMakeFiles\cmTC_78b23.dir\CheckIncludeFile.c.obj /FdCMakeFiles\cmTC_78b23.dir\ /FS -c CheckIncludeFile.c
CheckIncludeFile.c(1): fatal error C1083: Cannot open include file: 'sys/endian.h': No such file or directory
ninja: build stopped: subcommand failed.



Determining if the include file sys/mman.h exists failed with the following output:
Change Dir: C:/Users/Administrator/Desktop/core/out/build/x64-Debug/CMakeFiles/CMakeTmp

Run Build Command(s):C:/Program Files (x86)/Microsoft Visual Studio/2019/Community/Common7/IDE/CommonExtensions/Microsoft/CMake/Ninja/ninja.exe cmTC_21fe4 && [1/2] Building C object CMakeFiles\cmTC_21fe4.dir\CheckIncludeFile.c.obj
FAILED: CMakeFiles/cmTC_21fe4.dir/CheckIncludeFile.c.obj 
C:\PROGRA~2\MICROS~1\2019\COMMUN~1\VC\Tools\MSVC\1429~1.301\bin\Hostx64\x64\cl.exe  /nologo   /DWIN32 /D_WINDOWS /W3  /MTd /Zi /Ob0 /Od /RTC1 /showIncludes /FoCMakeFiles\cmTC_21fe4.dir\CheckIncludeFile.c.obj /FdCMakeFiles\cmTC_21fe4.dir\ /FS -c CheckIncludeFile.c
CheckIncludeFile.c(1): fatal error C1083: Cannot open include file: 'sys/mman.h': No such file or directory
ninja: build stopped: subcommand failed.



Determining if the include file sys/resource.h exists failed with the following output:
Change Dir: C:/Users/Administrator/Desktop/core/out/build/x64-Debug/CMakeFiles/CMakeTmp

Run Build Command(s):C:/Program Files (x86)/Microsoft Visual Studio/2019/Community/Common7/IDE/CommonExtensions/Microsoft/CMake/Ninja/ninja.exe cmTC_ad0ec && [1/2] Building C object CMakeFiles\cmTC_ad0ec.dir\CheckIncludeFile.c.obj
FAILED: CMakeFiles/cmTC_ad0ec.dir/CheckIncludeFile.c.obj 
C:\PROGRA~2\MICROS~1\2019\COMMUN~1\VC\Tools\MSVC\1429~1.301\bin\Hostx64\x64\cl.exe  /nologo   /DWIN32 /D_WINDOWS /W3  /MTd /Zi /Ob0 /Od /RTC1 /showIncludes /FoCMakeFiles\cmTC_ad0ec.dir\CheckIncludeFile.c.obj /FdCMakeFiles\cmTC_ad0ec.dir\ /FS -c CheckIncludeFile.c
CheckIncludeFile.c(1): fatal error C1083: Cannot open include file: 'sys/resource.h': No such file or directory
ninja: build stopped: subcommand failed.



Determining if the include file sys/time.h exists failed with the following output:
Change Dir: C:/Users/Administrator/Desktop/core/out/build/x64-Debug/CMakeFiles/CMakeTmp

Run Build Command(s):C:/Program Files (x86)/Microsoft Visual Studio/2019/Community/Common7/IDE/CommonExtensions/Microsoft/CMake/Ninja/ninja.exe cmTC_36707 && [1/2] Building C object CMakeFiles\cmTC_36707.dir\CheckIncludeFile.c.obj
FAILED: CMakeFiles/cmTC_36707.dir/CheckIncludeFile.c.obj 
C:\PROGRA~2\MICROS~1\2019\COMMUN~1\VC\Tools\MSVC\1429~1.301\bin\Hostx64\x64\cl.exe  /nologo   /DWIN32 /D_WINDOWS /W3  /MTd /Zi /Ob0 /Od /RTC1 /showIncludes /FoCMakeFiles\cmTC_36707.dir\CheckIncludeFile.c.obj /FdCMakeFiles\cmTC_36707.dir\ /FS -c CheckIncludeFile.c
CheckIncludeFile.c(1): fatal error C1083: Cannot open include file: 'sys/time.h': No such file or directory
ninja: build stopped: subcommand failed.



Determining if the include file sys/uio.h exists failed with the following output:
Change Dir: C:/Users/Administrator/Desktop/core/out/build/x64-Debug/CMakeFiles/CMakeTmp

Run Build Command(s):C:/Program Files (x86)/Microsoft Visual Studio/2019/Community/Common7/IDE/CommonExtensions/Microsoft/CMake/Ninja/ninja.exe cmTC_f455c && [1/2] Building C object CMakeFiles\cmTC_f455c.dir\CheckIncludeFile.c.obj
FAILED: CMakeFiles/cmTC_f455c.dir/CheckIncludeFile.c.obj 
C:\PROGRA~2\MICROS~1\2019\COMMUN~1\VC\Tools\MSVC\1429~1.301\bin\Hostx64\x64\cl.exe  /nologo   /DWIN32 /D_WINDOWS /W3  /MTd /Zi /Ob0 /Od /RTC1 /showIncludes /FoCMakeFiles\cmTC_f455c.dir\CheckIncludeFile.c.obj /FdCMakeFiles\cmTC_f455c.dir\ /FS -c CheckIncludeFile.c
CheckIncludeFile.c(1): fatal error C1083: Cannot open include file: 'sys/uio.h': No such file or directory
ninja: build stopped: subcommand failed.



Determining if the include file unistd.h exists failed with the following output:
Change Dir: C:/Users/Administrator/Desktop/core/out/build/x64-Debug/CMakeFiles/CMakeTmp

Run Build Command(s):C:/Program Files (x86)/Microsoft Visual Studio/2019/Community/Common7/IDE/CommonExtensions/Microsoft/CMake/Ninja/ninja.exe cmTC_83858 && [1/2] Building C object CMakeFiles\cmTC_83858.dir\CheckIncludeFile.c.obj
FAILED: CMakeFiles/cmTC_83858.dir/CheckIncludeFile.c.obj 
C:\PROGRA~2\MICROS~1\2019\COMMUN~1\VC\Tools\MSVC\1429~1.301\bin\Hostx64\x64\cl.exe  /nologo   /DWIN32 /D_WINDOWS /W3  /MTd /Zi /Ob0 /Od /RTC1 /showIncludes /FoCMakeFiles\cmTC_83858.dir\CheckIncludeFile.c.obj /FdCMakeFiles\cmTC_83858.dir\ /FS -c CheckIncludeFile.c
CheckIncludeFile.c(1): fatal error C1083: Cannot open include file: 'unistd.h': No such file or directory
ninja: build stopped: subcommand failed.



Determining if the function zlibVersion exists in the z failed with the following output:
Change Dir: C:/Users/Administrator/Desktop/core/out/build/x64-Debug/CMakeFiles/CMakeTmp

Run Build Command(s):C:/Program Files (x86)/Microsoft Visual Studio/2019/Community/Common7/IDE/CommonExtensions/Microsoft/CMake/Ninja/ninja.exe cmTC_034d4 && [1/2] Building C object CMakeFiles\cmTC_034d4.dir\CheckFunctionExists.c.obj
[2/2] Linking C executable cmTC_034d4.exe
FAILED: cmTC_034d4.exe 
cmd.exe /C "cd . && "C:\Program Files (x86)\Microsoft Visual Studio\2019\Community\Common7\IDE\CommonExtensions\Microsoft\CMake\CMake\bin\cmake.exe" -E vs_link_exe --intdir=CMakeFiles\cmTC_034d4.dir --rc=C:\PROGRA~2\WI3CF2~1\10\bin\100190~1.0\x64\rc.exe --mt=C:\PROGRA~2\WI3CF2~1\10\bin\100190~1.0\x64\mt.exe --manifests  -- C:\PROGRA~2\MICROS~1\2019\COMMUN~1\VC\Tools\MSVC\1429~1.301\bin\Hostx64\x64\link.exe /nologo CMakeFiles\cmTC_034d4.dir\CheckFunctionExists.c.obj  /out:cmTC_034d4.exe /implib:cmTC_034d4.lib /pdb:cmTC_034d4.pdb /version:0.0 /machine:x64 /STACK:10485760  /debug /INCREMENTAL /subsystem:console  z.lib  kernel32.lib user32.lib gdi32.lib winspool.lib shell32.lib ole32.lib oleaut32.lib uuid.lib comdlg32.lib advapi32.lib && cd ."
LINK Pass 1: command "C:\PROGRA~2\MICROS~1\2019\COMMUN~1\VC\Tools\MSVC\1429~1.301\bin\Hostx64\x64\link.exe /nologo CMakeFiles\cmTC_034d4.dir\CheckFunctionExists.c.obj /out:cmTC_034d4.exe /implib:cmTC_034d4.lib /pdb:cmTC_034d4.pdb /version:0.0 /machine:x64 /STACK:10485760 /debug /INCREMENTAL /subsystem:console z.lib kernel32.lib user32.lib gdi32.lib winspool.lib shell32.lib ole32.lib oleaut32.lib uuid.lib comdlg32.lib advapi32.lib /MANIFEST /MANIFESTFILE:CMakeFiles\cmTC_034d4.dir/intermediate.manifest CMakeFiles\cmTC_034d4.dir/manifest.res" failed (exit code 1104) with the following output:
LINK : fatal error LNK1104: cannot open file 'z.lib'
ninja: build stopped: subcommand failed.



Determining if the function lzo1x_1_15_compress exists in the lzo2 failed with the following output:
Change Dir: C:/Users/Administrator/Desktop/core/out/build/x64-Debug/CMakeFiles/CMakeTmp

Run Build Command(s):C:/Program Files (x86)/Microsoft Visual Studio/2019/Community/Common7/IDE/CommonExtensions/Microsoft/CMake/Ninja/ninja.exe cmTC_f7904 && [1/2] Building C object CMakeFiles\cmTC_f7904.dir\CheckFunctionExists.c.obj
[2/2] Linking C executable cmTC_f7904.exe
FAILED: cmTC_f7904.exe 
cmd.exe /C "cd . && "C:\Program Files (x86)\Microsoft Visual Studio\2019\Community\Common7\IDE\CommonExtensions\Microsoft\CMake\CMake\bin\cmake.exe" -E vs_link_exe --intdir=CMakeFiles\cmTC_f7904.dir --rc=C:\PROGRA~2\WI3CF2~1\10\bin\100190~1.0\x64\rc.exe --mt=C:\PROGRA~2\WI3CF2~1\10\bin\100190~1.0\x64\mt.exe --manifests  -- C:\PROGRA~2\MICROS~1\2019\COMMUN~1\VC\Tools\MSVC\1429~1.301\bin\Hostx64\x64\link.exe /nologo CMakeFiles\cmTC_f7904.dir\CheckFunctionExists.c.obj  /out:cmTC_f7904.exe /implib:cmTC_f7904.lib /pdb:cmTC_f7904.pdb /version:0.0 /machine:x64 /STACK:10485760  /debug /INCREMENTAL /subsystem:console  lzo2.lib  kernel32.lib user32.lib gdi32.lib winspool.lib shell32.lib ole32.lib oleaut32.lib uuid.lib comdlg32.lib advapi32.lib && cd ."
LINK Pass 1: command "C:\PROGRA~2\MICROS~1\2019\COMMUN~1\VC\Tools\MSVC\1429~1.301\bin\Hostx64\x64\link.exe /nologo CMakeFiles\cmTC_f7904.dir\CheckFunctionExists.c.obj /out:cmTC_f7904.exe /implib:cmTC_f7904.lib /pdb:cmTC_f7904.pdb /version:0.0 /machine:x64 /STACK:10485760 /debug /INCREMENTAL /subsystem:console lzo2.lib kernel32.lib user32.lib gdi32.lib winspool.lib shell32.lib ole32.lib oleaut32.lib uuid.lib comdlg32.lib advapi32.lib /MANIFEST /MANIFESTFILE:CMakeFiles\cmTC_f7904.dir/intermediate.manifest CMakeFiles\cmTC_f7904.dir/manifest.res" failed (exit code 1104) with the following output:
LINK : fatal error LNK1104: cannot open file 'lzo2.lib'
ninja: build stopped: subcommand failed.



Performing C++ SOURCE FILE Test HAVE_CLANG_MAVX failed with the following output:
Change Dir: C:/Users/Administrator/Desktop/core/out/build/x64-Debug/CMakeFiles/CMakeTmp

Run Build Command(s):C:/Program Files (x86)/Microsoft Visual Studio/2019/Community/Common7/IDE/CommonExtensions/Microsoft/CMake/Ninja/ninja.exe cmTC_cc3a4 && [1/2] Building CXX object CMakeFiles\cmTC_cc3a4.dir\src.cxx.obj
cl : Command line warning D9002 : ignoring unknown option '-mavx'
[2/2] Linking CXX executable cmTC_cc3a4.exe


Source file was:
int main() { return 0;}
Performing C++ SOURCE FILE Test HAVE_CLANG_MBMI2 failed with the following output:
Change Dir: C:/Users/Administrator/Desktop/core/out/build/x64-Debug/CMakeFiles/CMakeTmp

Run Build Command(s):C:/Program Files (x86)/Microsoft Visual Studio/2019/Community/Common7/IDE/CommonExtensions/Microsoft/CMake/Ninja/ninja.exe cmTC_8fdf7 && [1/2] Building CXX object CMakeFiles\cmTC_8fdf7.dir\src.cxx.obj
cl : Command line warning D9002 : ignoring unknown option '-mbmi2'
[2/2] Linking CXX executable cmTC_8fdf7.exe


Source file was:
int main() { return 0;}
Performing C++ SOURCE FILE Test HAVE_BUILTIN_EXPECT failed with the following output:
Change Dir: C:/Users/Administrator/Desktop/core/out/build/x64-Debug/CMakeFiles/CMakeTmp

Run Build Command(s):C:/Program Files (x86)/Microsoft Visual Studio/2019/Community/Common7/IDE/CommonExtensions/Microsoft/CMake/Ninja/ninja.exe cmTC_1b1e9 && [1/2] Building CXX object CMakeFiles\cmTC_1b1e9.dir\src.cxx.obj
FAILED: CMakeFiles/cmTC_1b1e9.dir/src.cxx.obj 
C:\PROGRA~2\MICROS~1\2019\COMMUN~1\VC\Tools\MSVC\1429~1.301\bin\Hostx64\x64\cl.exe  /nologo /TP -DHAVE_BUILTIN_EXPECT  /DWIN32 /D_WINDOWS /W3 /GR /EHsc  /MTd /Zi /Ob0 /Od /RTC1 -std:c++17 /showIncludes /FoCMakeFiles\cmTC_1b1e9.dir\src.cxx.obj /FdCMakeFiles\cmTC_1b1e9.dir\ /FS -c src.cxx
src.cxx(3): error C3861: '__builtin_expect': identifier not found
ninja: build stopped: subcommand failed.


Source file was:

int main() {
  return __builtin_expect(0, 1);
}
Performing C++ SOURCE FILE Test HAVE_BUILTIN_CTZ failed with the following output:
Change Dir: C:/Users/Administrator/Desktop/core/out/build/x64-Debug/CMakeFiles/CMakeTmp

Run Build Command(s):C:/Program Files (x86)/Microsoft Visual Studio/2019/Community/Common7/IDE/CommonExtensions/Microsoft/CMake/Ninja/ninja.exe cmTC_440fb && [1/2] Building CXX object CMakeFiles\cmTC_440fb.dir\src.cxx.obj
FAILED: CMakeFiles/cmTC_440fb.dir/src.cxx.obj 
C:\PROGRA~2\MICROS~1\2019\COMMUN~1\VC\Tools\MSVC\1429~1.301\bin\Hostx64\x64\cl.exe  /nologo /TP -DHAVE_BUILTIN_CTZ  /DWIN32 /D_WINDOWS /W3 /GR /EHsc  /MTd /Zi /Ob0 /Od /RTC1 -std:c++17 /showIncludes /FoCMakeFiles\cmTC_440fb.dir\src.cxx.obj /FdCMakeFiles\cmTC_440fb.dir\ /FS -c src.cxx
src.cxx(3): error C3861: '__builtin_ctzll': identifier not found
ninja: build stopped: subcommand failed.


Source file was:

int main() {
  return __builtin_ctzll(0);
}
Determining if the mmap exist failed with the following output:
Change Dir: C:/Users/Administrator/Desktop/core/out/build/x64-Debug/CMakeFiles/CMakeTmp

Run Build Command(s):C:/Program Files (x86)/Microsoft Visual Studio/2019/Community/Common7/IDE/CommonExtensions/Microsoft/CMake/Ninja/ninja.exe cmTC_571ba && [1/2] Building C object CMakeFiles\cmTC_571ba.dir\CheckSymbolExists.c.obj
FAILED: CMakeFiles/cmTC_571ba.dir/CheckSymbolExists.c.obj 
C:\PROGRA~2\MICROS~1\2019\COMMUN~1\VC\Tools\MSVC\1429~1.301\bin\Hostx64\x64\cl.exe  /nologo   /DWIN32 /D_WINDOWS /W3  /MDd /Zi /Ob0 /Od /RTC1 /showIncludes /FoCMakeFiles\cmTC_571ba.dir\CheckSymbolExists.c.obj /FdCMakeFiles\cmTC_571ba.dir\ /FS -c CheckSymbolExists.c
CheckSymbolExists.c(2): fatal error C1083: Cannot open include file: 'sys/mman.h': No such file or directory
ninja: build stopped: subcommand failed.


File C:/Users/Administrator/Desktop/core/out/build/x64-Debug/CMakeFiles/CMakeTmp/CheckSymbolExists.c:
/* */
#include <sys/mman.h>

int main(int argc, char** argv)
{
  (void)argv;
#ifndef mmap
  return ((int*)(&mmap))[argc];
#else
  (void)argc;
  return 0;
#endif
}
Determining if the sysconf exist failed with the following output:
Change Dir: C:/Users/Administrator/Desktop/core/out/build/x64-Debug/CMakeFiles/CMakeTmp

Run Build Command(s):C:/Program Files (x86)/Microsoft Visual Studio/2019/Community/Common7/IDE/CommonExtensions/Microsoft/CMake/Ninja/ninja.exe cmTC_c1b35 && [1/2] Building C object CMakeFiles\cmTC_c1b35.dir\CheckSymbolExists.c.obj
FAILED: CMakeFiles/cmTC_c1b35.dir/CheckSymbolExists.c.obj 
C:\PROGRA~2\MICROS~1\2019\COMMUN~1\VC\Tools\MSVC\1429~1.301\bin\Hostx64\x64\cl.exe  /nologo   /DWIN32 /D_WINDOWS /W3  /MDd /Zi /Ob0 /Od /RTC1 /showIncludes /FoCMakeFiles\cmTC_c1b35.dir\CheckSymbolExists.c.obj /FdCMakeFiles\cmTC_c1b35.dir\ /FS -c CheckSymbolExists.c
CheckSymbolExists.c(2): fatal error C1083: Cannot open include file: 'unistd.h': No such file or directory
ninja: build stopped: subcommand failed.


File C:/Users/Administrator/Desktop/core/out/build/x64-Debug/CMakeFiles/CMakeTmp/CheckSymbolExists.c:
/* */
#include <unistd.h>

int main(int argc, char** argv)
{
  (void)argv;
#ifndef sysconf
  return ((int*)(&sysconf))[argc];
#else
  (void)argc;
  return 0;
#endif
}
Checking whether the ASM compiler is GNU using "--version" did not match "(GNU assembler)|(GCC)|(Free Software Foundation)":
Microsoft (R) C/C++ Optimizing Compiler Version 19.29.30151 for x64
Copyright (C) Microsoft Corporation.  All rights reserved.

cl : Command line warning D9002 : ignoring unknown option '--version'
cl : Command line error D8003 : missing source filename
Checking whether the ASM compiler is Clang using "--version" did not match "(clang version)":
Microsoft (R) C/C++ Optimizing Compiler Version 19.29.30151 for x64
Copyright (C) Microsoft Corporation.  All rights reserved.

cl : Command line warning D9002 : ignoring unknown option '--version'
cl : Command line error D8003 : missing source filename
Checking whether the ASM compiler is AppleClang using "--version" did not match "(Apple LLVM version)":
Microsoft (R) C/C++ Optimizing Compiler Version 19.29.30151 for x64
Copyright (C) Microsoft Corporation.  All rights reserved.

cl : Command line warning D9002 : ignoring unknown option '--version'
cl : Command line error D8003 : missing source filename
Checking whether the ASM compiler is ARMClang using "--version" did not match "armclang":
Microsoft (R) C/C++ Optimizing Compiler Version 19.29.30151 for x64
Copyright (C) Microsoft Corporation.  All rights reserved.

cl : Command line warning D9002 : ignoring unknown option '--version'
cl : Command line error D8003 : missing source filename
Checking whether the ASM compiler is HP using "-V" did not match "HP C":
Microsoft (R) C/C++ Optimizing Compiler Version 19.29.30151 for x64
Copyright (C) Microsoft Corporation.  All rights reserved.

cl : Command line error D8004 : '/V' requires an argument
Checking whether the ASM compiler is Intel using "--version" did not match "(ICC)":
Microsoft (R) C/C++ Optimizing Compiler Version 19.29.30151 for x64
Copyright (C) Microsoft Corporation.  All rights reserved.

cl : Command line warning D9002 : ignoring unknown option '--version'
cl : Command line error D8003 : missing source filename
Checking whether the ASM compiler is IntelLLVM using "--version" did not match "(Intel[^
]+oneAPI)":
Microsoft (R) C/C++ Optimizing Compiler Version 19.29.30151 for x64
Copyright (C) Microsoft Corporation.  All rights reserved.

cl : Command line warning D9002 : ignoring unknown option '--version'
cl : Command line error D8003 : missing source filename
Checking whether the ASM compiler is SunPro using "-V" did not match "Sun C":
Microsoft (R) C/C++ Optimizing Compiler Version 19.29.30151 for x64
Copyright (C) Microsoft Corporation.  All rights reserved.

cl : Command line error D8004 : '/V' requires an argument
Checking whether the ASM compiler is XL using "-qversion" did not match "XL C":
Microsoft (R) C/C++ Optimizing Compiler Version 19.29.30151 for x64
Copyright (C) Microsoft Corporation.  All rights reserved.

cl : Command line warning D9002 : ignoring unknown option '-qversion'
cl : Command line error D8003 : missing source filename
Performing C++ SOURCE FILE Test HAVE_SYNC_FILE_RANGE_WRITE failed with the following output:
Change Dir: C:/Users/Administrator/Desktop/core/out/build/x64-Debug/CMakeFiles/CMakeTmp

Run Build Command(s):C:/Program Files (x86)/Microsoft Visual Studio/2019/Community/Common7/IDE/CommonExtensions/Microsoft/CMake/Ninja/ninja.exe cmTC_7d032 && [1/2] Building CXX object CMakeFiles\cmTC_7d032.dir\src.cxx.obj
FAILED: CMakeFiles/cmTC_7d032.dir/src.cxx.obj 
C:\PROGRA~2\MICROS~1\2019\COMMUN~1\VC\Tools\MSVC\1429~1.301\bin\Hostx64\x64\cl.exe  /nologo /TP -DHAVE_SYNC_FILE_RANGE_WRITE  /DWIN32 /D_WINDOWS /W3 /GR /EHsc /Zi /nologo /EHsc /GS /Gd /GR /GF /fp:precise /Zc:wchar_t /Zc:forScope /errorReport:queue /FC /d2Zi+ /W4 /wd4127 /wd4800 /wd4996 /wd4351 /wd4100 /wd4204 /wd4324  /MTd /Zi /Ob0 /Od /RTC1 -DROCKSDB_USE_RTTI /Od /RTC1 /Gm /MT -std:c++17 /showIncludes /FoCMakeFiles\cmTC_7d032.dir\src.cxx.obj /FdCMakeFiles\cmTC_7d032.dir\ /FS -c src.cxx
cl : Command line warning D9025 : overriding '/W3' with '/W4'
cl : Command line warning D9035 : option 'Gm' has been deprecated and will be removed in a future release
cl : Command line warning D9025 : overriding '/MTd' with '/MT'
C:\Users\Administrator\Desktop\core\out\build\x64-Debug\CMakeFiles\CMakeTmp\src.cxx(4): error C3861: 'open': identifier not found
C:\Users\Administrator\Desktop\core\out\build\x64-Debug\CMakeFiles\CMakeTmp\src.cxx(5): error C2065: 'SYNC_FILE_RANGE_WRITE': undeclared identifier
C:\Users\Administrator\Desktop\core\out\build\x64-Debug\CMakeFiles\CMakeTmp\src.cxx(5): error C3861: 'sync_file_range': identifier not found
ninja: build stopped: subcommand failed.


Source file was:

  #include <fcntl.h>
  int main() {
    int fd = open("/dev/null", 0);
    sync_file_range(fd, 0, 1024, SYNC_FILE_RANGE_WRITE);
  }
  
Performing C++ SOURCE FILE Test HAVE_PTHREAD_MUTEX_ADAPTIVE_NP failed with the following output:
Change Dir: C:/Users/Administrator/Desktop/core/out/build/x64-Debug/CMakeFiles/CMakeTmp

Run Build Command(s):C:/Program Files (x86)/Microsoft Visual Studio/2019/Community/Common7/IDE/CommonExtensions/Microsoft/CMake/Ninja/ninja.exe cmTC_9d743 && [1/2] Building CXX object CMakeFiles\cmTC_9d743.dir\src.cxx.obj
FAILED: CMakeFiles/cmTC_9d743.dir/src.cxx.obj 
C:\PROGRA~2\MICROS~1\2019\COMMUN~1\VC\Tools\MSVC\1429~1.301\bin\Hostx64\x64\cl.exe  /nologo /TP -DHAVE_PTHREAD_MUTEX_ADAPTIVE_NP  /DWIN32 /D_WINDOWS /W3 /GR /EHsc /Zi /nologo /EHsc /GS /Gd /GR /GF /fp:precise /Zc:wchar_t /Zc:forScope /errorReport:queue /FC /d2Zi+ /W4 /wd4127 /wd4800 /wd4996 /wd4351 /wd4100 /wd4204 /wd4324  /MTd /Zi /Ob0 /Od /RTC1 -DROCKSDB_USE_RTTI /Od /RTC1 /Gm /MT -std:c++17 /showIncludes /FoCMakeFiles\cmTC_9d743.dir\src.cxx.obj /FdCMakeFiles\cmTC_9d743.dir\ /FS -c src.cxx
cl : Command line warning D9025 : overriding '/W3' with '/W4'
cl : Command line warning D9035 : option 'Gm' has been deprecated and will be removed in a future release
cl : Command line warning D9025 : overriding '/MTd' with '/MT'
C:\Users\Administrator\Desktop\core\out\build\x64-Debug\CMakeFiles\CMakeTmp\src.cxx(2): fatal error C1083: Cannot open include file: 'pthread.h': No such file or directory
ninja: build stopped: subcommand failed.


Source file was:

  #include <pthread.h>
  int main() {
    (void) PTHREAD_MUTEX_ADAPTIVE_NP;
  }
  
Determining if the malloc_usable_size exist failed with the following output:
Change Dir: C:/Users/Administrator/Desktop/core/out/build/x64-Debug/CMakeFiles/CMakeTmp

Run Build Command(s):C:/Program Files (x86)/Microsoft Visual Studio/2019/Community/Common7/IDE/CommonExtensions/Microsoft/CMake/Ninja/ninja.exe cmTC_68f30 && [1/2] Building CXX object CMakeFiles\cmTC_68f30.dir\CheckSymbolExists.cxx.obj
FAILED: CMakeFiles/cmTC_68f30.dir/CheckSymbolExists.cxx.obj 
C:\PROGRA~2\MICROS~1\2019\COMMUN~1\VC\Tools\MSVC\1429~1.301\bin\Hostx64\x64\cl.exe  /nologo /TP   /DWIN32 /D_WINDOWS /W3 /GR /EHsc /Zi /nologo /EHsc /GS /Gd /GR /GF /fp:precise /Zc:wchar_t /Zc:forScope /errorReport:queue /FC /d2Zi+ /W4 /wd4127 /wd4800 /wd4996 /wd4351 /wd4100 /wd4204 /wd4324  /MDd /Zi /Ob0 /Od /RTC1 /showIncludes /FoCMakeFiles\cmTC_68f30.dir\CheckSymbolExists.cxx.obj /FdCMakeFiles\cmTC_68f30.dir\ /FS -c CheckSymbolExists.cxx
cl : Command line warning D9025 : overriding '/W3' with '/W4'
C:\Users\Administrator\Desktop\core\out\build\x64-Debug\CMakeFiles\CMakeTmp\CheckSymbolExists.cxx(8): error C2065: 'malloc_usable_size': undeclared identifier
ninja: build stopped: subcommand failed.


File C:/Users/Administrator/Desktop/core/out/build/x64-Debug/CMakeFiles/CMakeTmp/CheckSymbolExists.cxx:
/* */
#include <malloc.h>

int main(int argc, char** argv)
{
  (void)argv;
#ifndef malloc_usable_size
  return ((int*)(&malloc_usable_size))[argc];
#else
  (void)argc;
  return 0;
#endif
}
Determining if the sched_getcpu exist failed with the following output:
Change Dir: C:/Users/Administrator/Desktop/core/out/build/x64-Debug/CMakeFiles/CMakeTmp

Run Build Command(s):C:/Program Files (x86)/Microsoft Visual Studio/2019/Community/Common7/IDE/CommonExtensions/Microsoft/CMake/Ninja/ninja.exe cmTC_76a3c && [1/2] Building CXX object CMakeFiles\cmTC_76a3c.dir\CheckSymbolExists.cxx.obj
FAILED: CMakeFiles/cmTC_76a3c.dir/CheckSymbolExists.cxx.obj 
C:\PROGRA~2\MICROS~1\2019\COMMUN~1\VC\Tools\MSVC\1429~1.301\bin\Hostx64\x64\cl.exe  /nologo /TP   /DWIN32 /D_WINDOWS /W3 /GR /EHsc /Zi /nologo /EHsc /GS /Gd /GR /GF /fp:precise /Zc:wchar_t /Zc:forScope /errorReport:queue /FC /d2Zi+ /W4 /wd4127 /wd4800 /wd4996 /wd4351 /wd4100 /wd4204 /wd4324  /MDd /Zi /Ob0 /Od /RTC1 /showIncludes /FoCMakeFiles\cmTC_76a3c.dir\CheckSymbolExists.cxx.obj /FdCMakeFiles\cmTC_76a3c.dir\ /FS -c CheckSymbolExists.cxx
cl : Command line warning D9025 : overriding '/W3' with '/W4'
C:\Users\Administrator\Desktop\core\out\build\x64-Debug\CMakeFiles\CMakeTmp\CheckSymbolExists.cxx(2): fatal error C1083: Cannot open include file: 'sched.h': No such file or directory
ninja: build stopped: subcommand failed.


File C:/Users/Administrator/Desktop/core/out/build/x64-Debug/CMakeFiles/CMakeTmp/CheckSymbolExists.cxx:
/* */
#include <sched.h>

int main(int argc, char** argv)
{
  (void)argv;
#ifndef sched_getcpu
  return ((int*)(&sched_getcpu))[argc];
#else
  (void)argc;
  return 0;
#endif
}
Determining if the function crc32c_value exists in the crc32c failed with the following output:
Change Dir: C:/Users/Administrator/Desktop/core/out/build/x64-Debug/CMakeFiles/CMakeTmp

Run Build Command(s):C:/Program Files (x86)/Microsoft Visual Studio/2019/Community/Common7/IDE/CommonExtensions/Microsoft/CMake/Ninja/ninja.exe cmTC_55d5d && [1/2] Building C object CMakeFiles\cmTC_55d5d.dir\CheckFunctionExists.c.obj
[2/2] Linking C executable cmTC_55d5d.exe
FAILED: cmTC_55d5d.exe 
cmd.exe /C "cd . && "C:\Program Files (x86)\Microsoft Visual Studio\2019\Community\Common7\IDE\CommonExtensions\Microsoft\CMake\CMake\bin\cmake.exe" -E vs_link_exe --intdir=CMakeFiles\cmTC_55d5d.dir --rc=C:\PROGRA~2\WI3CF2~1\10\bin\100190~1.0\x64\rc.exe --mt=C:\PROGRA~2\WI3CF2~1\10\bin\100190~1.0\x64\mt.exe --manifests  -- C:\PROGRA~2\MICROS~1\2019\COMMUN~1\VC\Tools\MSVC\1429~1.301\bin\Hostx64\x64\link.exe /nologo CMakeFiles\cmTC_55d5d.dir\CheckFunctionExists.c.obj  /out:cmTC_55d5d.exe /implib:cmTC_55d5d.lib /pdb:cmTC_55d5d.pdb /version:0.0 /machine:x64 /STACK:10485760  /debug /INCREMENTAL /subsystem:console  crc32c.lib  kernel32.lib user32.lib gdi32.lib winspool.lib shell32.lib ole32.lib oleaut32.lib uuid.lib comdlg32.lib advapi32.lib && cd ."
LINK Pass 1: command "C:\PROGRA~2\MICROS~1\2019\COMMUN~1\VC\Tools\MSVC\1429~1.301\bin\Hostx64\x64\link.exe /nologo CMakeFiles\cmTC_55d5d.dir\CheckFunctionExists.c.obj /out:cmTC_55d5d.exe /implib:cmTC_55d5d.lib /pdb:cmTC_55d5d.pdb /version:0.0 /machine:x64 /STACK:10485760 /debug /INCREMENTAL /subsystem:console crc32c.lib kernel32.lib user32.lib gdi32.lib winspool.lib shell32.lib ole32.lib oleaut32.lib uuid.lib comdlg32.lib advapi32.lib /MANIFEST /MANIFESTFILE:CMakeFiles\cmTC_55d5d.dir/intermediate.manifest CMakeFiles\cmTC_55d5d.dir/manifest.res" failed (exit code 1104) with the following output:
LINK : fatal error LNK1104: cannot open file 'crc32c.lib'
ninja: build stopped: subcommand failed.



Determining if the function malloc exists in the tcmalloc failed with the following output:
Change Dir: C:/Users/Administrator/Desktop/core/out/build/x64-Debug/CMakeFiles/CMakeTmp

Run Build Command(s):C:/Program Files (x86)/Microsoft Visual Studio/2019/Community/Common7/IDE/CommonExtensions/Microsoft/CMake/Ninja/ninja.exe cmTC_24ddc && [1/2] Building C object CMakeFiles\cmTC_24ddc.dir\CheckFunctionExists.c.obj
[2/2] Linking C executable cmTC_24ddc.exe
FAILED: cmTC_24ddc.exe 
cmd.exe /C "cd . && "C:\Program Files (x86)\Microsoft Visual Studio\2019\Community\Common7\IDE\CommonExtensions\Microsoft\CMake\CMake\bin\cmake.exe" -E vs_link_exe --intdir=CMakeFiles\cmTC_24ddc.dir --rc=C:\PROGRA~2\WI3CF2~1\10\bin\100190~1.0\x64\rc.exe --mt=C:\PROGRA~2\WI3CF2~1\10\bin\100190~1.0\x64\mt.exe --manifests  -- C:\PROGRA~2\MICROS~1\2019\COMMUN~1\VC\Tools\MSVC\1429~1.301\bin\Hostx64\x64\link.exe /nologo CMakeFiles\cmTC_24ddc.dir\CheckFunctionExists.c.obj  /out:cmTC_24ddc.exe /implib:cmTC_24ddc.lib /pdb:cmTC_24ddc.pdb /version:0.0 /machine:x64 /STACK:10485760  /debug /INCREMENTAL /subsystem:console  tcmalloc.lib  kernel32.lib user32.lib gdi32.lib winspool.lib shell32.lib ole32.lib oleaut32.lib uuid.lib comdlg32.lib advapi32.lib && cd ."
LINK Pass 1: command "C:\PROGRA~2\MICROS~1\2019\COMMUN~1\VC\Tools\MSVC\1429~1.301\bin\Hostx64\x64\link.exe /nologo CMakeFiles\cmTC_24ddc.dir\CheckFunctionExists.c.obj /out:cmTC_24ddc.exe /implib:cmTC_24ddc.lib /pdb:cmTC_24ddc.pdb /version:0.0 /machine:x64 /STACK:10485760 /debug /INCREMENTAL /subsystem:console tcmalloc.lib kernel32.lib user32.lib gdi32.lib winspool.lib shell32.lib ole32.lib oleaut32.lib uuid.lib comdlg32.lib advapi32.lib /MANIFEST /MANIFESTFILE:CMakeFiles\cmTC_24ddc.dir/intermediate.manifest CMakeFiles\cmTC_24ddc.dir/manifest.res" failed (exit code 1104) with the following output:
LINK : fatal error LNK1104: cannot open file 'tcmalloc.lib'
ninja: build stopped: subcommand failed.



Determining if the fdatasync exist failed with the following output:
Change Dir: C:/Users/Administrator/Desktop/core/out/build/x64-Debug/CMakeFiles/CMakeTmp

Run Build Command(s):C:/Program Files (x86)/Microsoft Visual Studio/2019/Community/Common7/IDE/CommonExtensions/Microsoft/CMake/Ninja/ninja.exe cmTC_ec9af && [1/2] Building CXX object CMakeFiles\cmTC_ec9af.dir\CheckSymbolExists.cxx.obj
FAILED: CMakeFiles/cmTC_ec9af.dir/CheckSymbolExists.cxx.obj 
C:\PROGRA~2\MICROS~1\2019\COMMUN~1\VC\Tools\MSVC\1429~1.301\bin\Hostx64\x64\cl.exe  /nologo /TP   /DWIN32 /D_WINDOWS /W3 /GR /EHsc  /MDd /Zi /Ob0 /Od /RTC1 /showIncludes /FoCMakeFiles\cmTC_ec9af.dir\CheckSymbolExists.cxx.obj /FdCMakeFiles\cmTC_ec9af.dir\ /FS -c CheckSymbolExists.cxx
CheckSymbolExists.cxx(2): fatal error C1083: Cannot open include file: 'unistd.h': No such file or directory
ninja: build stopped: subcommand failed.


File C:/Users/Administrator/Desktop/core/out/build/x64-Debug/CMakeFiles/CMakeTmp/CheckSymbolExists.cxx:
/* */
#include <unistd.h>

int main(int argc, char** argv)
{
  (void)argv;
#ifndef fdatasync
  return ((int*)(&fdatasync))[argc];
#else
  (void)argc;
  return 0;
#endif
}
Determining if the F_FULLFSYNC exist failed with the following output:
Change Dir: C:/Users/Administrator/Desktop/core/out/build/x64-Debug/CMakeFiles/CMakeTmp

Run Build Command(s):C:/Program Files (x86)/Microsoft Visual Studio/2019/Community/Common7/IDE/CommonExtensions/Microsoft/CMake/Ninja/ninja.exe cmTC_c076d && [1/2] Building CXX object CMakeFiles\cmTC_c076d.dir\CheckSymbolExists.cxx.obj
FAILED: CMakeFiles/cmTC_c076d.dir/CheckSymbolExists.cxx.obj 
C:\PROGRA~2\MICROS~1\2019\COMMUN~1\VC\Tools\MSVC\1429~1.301\bin\Hostx64\x64\cl.exe  /nologo /TP   /DWIN32 /D_WINDOWS /W3 /GR /EHsc  /MDd /Zi /Ob0 /Od /RTC1 /showIncludes /FoCMakeFiles\cmTC_c076d.dir\CheckSymbolExists.cxx.obj /FdCMakeFiles\cmTC_c076d.dir\ /FS -c CheckSymbolExists.cxx
CheckSymbolExists.cxx(8): error C2065: 'F_FULLFSYNC': undeclared identifier
ninja: build stopped: subcommand failed.


File C:/Users/Administrator/Desktop/core/out/build/x64-Debug/CMakeFiles/CMakeTmp/CheckSymbolExists.cxx:
/* */
#include <fcntl.h>

int main(int argc, char** argv)
{
  (void)argv;
#ifndef F_FULLFSYNC
  return ((int*)(&F_FULLFSYNC))[argc];
#else
  (void)argc;
  return 0;
#endif
}
Determining if the O_CLOEXEC exist failed with the following output:
Change Dir: C:/Users/Administrator/Desktop/core/out/build/x64-Debug/CMakeFiles/CMakeTmp

Run Build Command(s):C:/Program Files (x86)/Microsoft Visual Studio/2019/Community/Common7/IDE/CommonExtensions/Microsoft/CMake/Ninja/ninja.exe cmTC_fbcd8 && [1/2] Building CXX object CMakeFiles\cmTC_fbcd8.dir\CheckSymbolExists.cxx.obj
FAILED: CMakeFiles/cmTC_fbcd8.dir/CheckSymbolExists.cxx.obj 
C:\PROGRA~2\MICROS~1\2019\COMMUN~1\VC\Tools\MSVC\1429~1.301\bin\Hostx64\x64\cl.exe  /nologo /TP   /DWIN32 /D_WINDOWS /W3 /GR /EHsc  /MDd /Zi /Ob0 /Od /RTC1 /showIncludes /FoCMakeFiles\cmTC_fbcd8.dir\CheckSymbolExists.cxx.obj /FdCMakeFiles\cmTC_fbcd8.dir\ /FS -c CheckSymbolExists.cxx
CheckSymbolExists.cxx(8): error C2065: 'O_CLOEXEC': undeclared identifier
ninja: build stopped: subcommand failed.


File C:/Users/Administrator/Desktop/core/out/build/x64-Debug/CMakeFiles/CMakeTmp/CheckSymbolExists.cxx:
/* */
#include <fcntl.h>

int main(int argc, char** argv)
{
  (void)argv;
#ifndef O_CLOEXEC
  return ((int*)(&O_CLOEXEC))[argc];
#else
  (void)argc;
  return 0;
#endif
}
Performing C++ SOURCE FILE Test HAVE_CLANG_THREAD_SAFETY failed with the following output:
Change Dir: C:/Users/Administrator/Desktop/core/out/build/x64-Debug/CMakeFiles/CMakeTmp

Run Build Command(s):C:/Program Files (x86)/Microsoft Visual Studio/2019/Community/Common7/IDE/CommonExtensions/Microsoft/CMake/Ninja/ninja.exe cmTC_a8105 && [1/2] Building CXX object CMakeFiles\cmTC_a8105.dir\src.cxx.obj
FAILED: CMakeFiles/cmTC_a8105.dir/src.cxx.obj 
C:\PROGRA~2\MICROS~1\2019\COMMUN~1\VC\Tools\MSVC\1429~1.301\bin\Hostx64\x64\cl.exe  /nologo /TP -DHAVE_CLANG_THREAD_SAFETY  /DWIN32 /D_WINDOWS /W3   /EHs-c- /GR-  /MTd /Zi /Ob0 /Od /RTC1   -Wthread-safety -std:c++17 /showIncludes /FoCMakeFiles\cmTC_a8105.dir\src.cxx.obj /FdCMakeFiles\cmTC_a8105.dir\ /FS -c src.cxx
cl : Command line error D8021 : invalid numeric argument '/Wthread-safety'
ninja: build stopped: subcommand failed.


Source file was:
int main() { return 0;}
Performing C++ SOURCE FILE Test LEVELDB_HAVE_NO_MISSING_FIELD_INITIALIZERS failed with the following output:
Change Dir: C:/Users/Administrator/Desktop/core/out/build/x64-Debug/CMakeFiles/CMakeTmp

Run Build Command(s):C:/Program Files (x86)/Microsoft Visual Studio/2019/Community/Common7/IDE/CommonExtensions/Microsoft/CMake/Ninja/ninja.exe cmTC_576e7 && [1/2] Building CXX object CMakeFiles\cmTC_576e7.dir\src.cxx.obj
FAILED: CMakeFiles/cmTC_576e7.dir/src.cxx.obj 
C:\PROGRA~2\MICROS~1\2019\COMMUN~1\VC\Tools\MSVC\1429~1.301\bin\Hostx64\x64\cl.exe  /nologo /TP -DLEVELDB_HAVE_NO_MISSING_FIELD_INITIALIZERS  /DWIN32 /D_WINDOWS /W3   /EHs-c- /GR-  /MTd /Zi /Ob0 /Od /RTC1   -Wno-missing-field-initializers -std:c++17 /showIncludes /FoCMakeFiles\cmTC_576e7.dir\src.cxx.obj /FdCMakeFiles\cmTC_576e7.dir\ /FS -c src.cxx
cl : Command line error D8021 : invalid numeric argument '/Wno-missing-field-initializers'
ninja: build stopped: subcommand failed.


Source file was:
int main() { return 0;}
